<?xml version="1.0" encoding="UTF-8"?>
<!-- Generated by org.testng.reporters.JUnitXMLReporter -->
<testsuite ignored="0" hostname="DESKTOP-IVTN6H0" failures="0" tests="6" name="Default test" time="12.289" errors="0" timestamp="2023-04-18T21:46:34 IST">
  <testcase classname="com.adminarea.testcase.LoginPageTestCases" name="openBrow" time="4.179"/>
  <testcase classname="com.adminarea.testcase.LoginPageTestCases" name="user_open_url" time="2.537"/>
  <testcase classname="com.adminarea.testcase.LoginPageTestCases" name="user_enter_email" time="0.473"/>
  <testcase classname="com.adminarea.testcase.LoginPageTestCases" name="user_enter_password" time="0.381"/>
  <testcase classname="com.adminarea.testcase.LoginPageTestCases" name="user_clickon_loginbutton" time="4.556"/>
  <testcase classname="com.adminarea.testcase.LoginPageTestCases" name="user_validate_dashboardpage" time="0.05"/>
</testsuite> <!-- Default test -->
