<?xml version="1.0" encoding="UTF-8"?>
<!-- Generated by org.testng.reporters.JUnitXMLReporter -->
<testsuite hostname="BAIPL-PC-HR2" failures="3" tests="6" name="Test" time="64.588" errors="0" timestamp="17 Jul 2022 10:07:56 GMT">
  <testcase classname="com.Mahakaal.NewTestcase.BhasamArtiBooking" name="Check_BhasamArtiBooking" time="36.529">
    <failure type="java.lang.NullPointerException" message="Cannot invoke &amp;quot;org.openqa.selenium.WebElement.getText()&amp;quot; because &amp;quot;element1&amp;quot; is null">
      <![CDATA[java.lang.NullPointerException: Cannot invoke "org.openqa.selenium.WebElement.getText()" because "element1" is null
	at javabase.JavaBase.clickOn(JavaBase.java:244)
	at com.Mahakaal.pages.AddpaymentDetailPage.clickon_ProceedPaymentBtn(AddpaymentDetailPage.java:46)
	at com.Mahakaal.NewTestcase.BhasamArtiBooking.Check_BhasamArtiBooking(BhasamArtiBooking.java:90)
... Removed 24 stack frames]]>
    </failure>
  </testcase> <!-- Check_BhasamArtiBooking -->
  <testcase classname="com.Mahakaal.NewTestcase.Donation" name="verify_MoneyDonation" time="16.862"/>
  <testcase classname="com.Mahakaal.NewTestcase.InformationPageTestCases" name="InformationSubMenu" time="3.495">
    <failure type="java.lang.NullPointerException" message="Cannot invoke &amp;quot;org.openqa.selenium.WebElement.getText()&amp;quot; because &amp;quot;element1&amp;quot; is null">
      <![CDATA[java.lang.NullPointerException: Cannot invoke "org.openqa.selenium.WebElement.getText()" because "element1" is null
	at javabase.JavaBase.clickOn(JavaBase.java:244)
	at com.Mahakaal.pages.InformationPage.clickOnDharmshala(InformationPage.java:62)
	at com.Mahakaal.NewTestcase.InformationPageTestCases.InformationSubMenu(InformationPageTestCases.java:23)
... Removed 24 stack frames]]>
    </failure>
  </testcase> <!-- InformationSubMenu -->
  <testcase classname="com.Mahakaal.NewTestcase.AboutTestCases" name="AboutMenuBar" time="0.005">
    <failure type="java.lang.NullPointerException" message="Cannot invoke &amp;quot;org.openqa.selenium.WebElement.getText()&amp;quot; because &amp;quot;element1&amp;quot; is null">
      <![CDATA[java.lang.NullPointerException: Cannot invoke "org.openqa.selenium.WebElement.getText()" because "element1" is null
	at javabase.JavaBase.clickOn(JavaBase.java:244)
	at com.Mahakaal.pages.AboutPage.click_History(AboutPage.java:39)
	at com.Mahakaal.NewTestcase.AboutTestCases.AboutMenuBar(AboutTestCases.java:23)
... Removed 24 stack frames]]>
    </failure>
  </testcase> <!-- AboutMenuBar -->
  <testcase classname="com.Mahakaal.NewTestcase.HomePageTestCases" name="HomeMenuBar" time="3.803"/>
  <testcase classname="com.Mahakaal.NewTestcase.MoneyDonationReceivedTestcases" name="MoneyDonationReceived" time="2.235"/>
</testsuite> <!-- Test -->
