<?xml version="1.0" encoding="UTF-8"?>
<testng-results ignored="0" total="6" passed="6" failed="0" skipped="0">
  <reporter-output>
  </reporter-output>
  <suite started-at="2023-04-23T23:27:35 IST" name="Default suite" finished-at="2023-04-23T23:28:00 IST" duration-ms="24959">
    <groups>
    </groups>
    <test started-at="2023-04-23T23:27:35 IST" name="Default test" finished-at="2023-04-23T23:28:00 IST" duration-ms="24959">
      <class name="com.adminarea.testcase.LoginPageTestCases">
        <test-method is-config="true" signature="setUpReport(java.lang.reflect.Method)[pri:0, instance:com.adminarea.testcase.LoginPageTestCases@783a467b]" started-at="2023-04-23T23:27:36 IST" name="setUpReport" finished-at="2023-04-23T23:27:36 IST" duration-ms="438" status="PASS">
          <params>
            <param index="0">
              <value>
                <![CDATA[public void com.adminarea.testcase.LoginPageTestCases.openBrow()]]>
              </value>
            </param>
          </params>
          <reporter-output>
          </reporter-output>
        </test-method> <!-- setUpReport -->
        <test-method signature="openBrow()[pri:1, instance:com.adminarea.testcase.LoginPageTestCases@783a467b]" started-at="2023-04-23T23:27:36 IST" name="openBrow" finished-at="2023-04-23T23:27:41 IST" duration-ms="5266" status="PASS">
          <reporter-output>
          </reporter-output>
        </test-method> <!-- openBrow -->
        <test-method is-config="true" signature="afterMethod(org.testng.ITestResult,java.lang.reflect.Method)[pri:0, instance:com.adminarea.testcase.LoginPageTestCases@783a467b]" started-at="2023-04-23T23:27:41 IST" name="afterMethod" finished-at="2023-04-23T23:27:41 IST" duration-ms="10" status="PASS">
          <params>
            <param index="0">
              <value>
                <![CDATA[[TestResult name=openBrow status=SUCCESS method=LoginPageTestCases.openBrow()[pri:1, instance:com.adminarea.testcase.LoginPageTestCases@783a467b] output={null}]]]>
              </value>
            </param>
            <param index="1">
              <value>
                <![CDATA[public void com.adminarea.testcase.LoginPageTestCases.openBrow()]]>
              </value>
            </param>
          </params>
          <reporter-output>
          </reporter-output>
        </test-method> <!-- afterMethod -->
        <test-method is-config="true" signature="setUpReport(java.lang.reflect.Method)[pri:0, instance:com.adminarea.testcase.LoginPageTestCases@783a467b]" started-at="2023-04-23T23:27:41 IST" name="setUpReport" finished-at="2023-04-23T23:27:41 IST" duration-ms="1" status="PASS">
          <params>
            <param index="0">
              <value>
                <![CDATA[public void com.adminarea.testcase.LoginPageTestCases.user_open_url()]]>
              </value>
            </param>
          </params>
          <reporter-output>
          </reporter-output>
        </test-method> <!-- setUpReport -->
        <test-method signature="user_open_url()[pri:2, instance:com.adminarea.testcase.LoginPageTestCases@783a467b]" started-at="2023-04-23T23:27:41 IST" name="user_open_url" finished-at="2023-04-23T23:27:43 IST" duration-ms="1929" status="PASS">
          <reporter-output>
          </reporter-output>
        </test-method> <!-- user_open_url -->
        <test-method is-config="true" signature="afterMethod(org.testng.ITestResult,java.lang.reflect.Method)[pri:0, instance:com.adminarea.testcase.LoginPageTestCases@783a467b]" started-at="2023-04-23T23:27:43 IST" name="afterMethod" finished-at="2023-04-23T23:27:43 IST" duration-ms="1" status="PASS">
          <params>
            <param index="0">
              <value>
                <![CDATA[[TestResult name=user_open_url status=SUCCESS method=LoginPageTestCases.user_open_url()[pri:2, instance:com.adminarea.testcase.LoginPageTestCases@783a467b] output={null}]]]>
              </value>
            </param>
            <param index="1">
              <value>
                <![CDATA[public void com.adminarea.testcase.LoginPageTestCases.user_open_url()]]>
              </value>
            </param>
          </params>
          <reporter-output>
          </reporter-output>
        </test-method> <!-- afterMethod -->
        <test-method is-config="true" signature="setUpReport(java.lang.reflect.Method)[pri:0, instance:com.adminarea.testcase.LoginPageTestCases@783a467b]" started-at="2023-04-23T23:27:43 IST" name="setUpReport" finished-at="2023-04-23T23:27:43 IST" duration-ms="1" status="PASS">
          <params>
            <param index="0">
              <value>
                <![CDATA[public void com.adminarea.testcase.LoginPageTestCases.user_enter_email()]]>
              </value>
            </param>
          </params>
          <reporter-output>
          </reporter-output>
        </test-method> <!-- setUpReport -->
        <test-method signature="user_enter_email()[pri:3, instance:com.adminarea.testcase.LoginPageTestCases@783a467b]" started-at="2023-04-23T23:27:43 IST" name="user_enter_email" finished-at="2023-04-23T23:27:44 IST" duration-ms="309" status="PASS">
          <reporter-output>
          </reporter-output>
        </test-method> <!-- user_enter_email -->
        <test-method is-config="true" signature="afterMethod(org.testng.ITestResult,java.lang.reflect.Method)[pri:0, instance:com.adminarea.testcase.LoginPageTestCases@783a467b]" started-at="2023-04-23T23:27:44 IST" name="afterMethod" finished-at="2023-04-23T23:27:44 IST" duration-ms="0" status="PASS">
          <params>
            <param index="0">
              <value>
                <![CDATA[[TestResult name=user_enter_email status=SUCCESS method=LoginPageTestCases.user_enter_email()[pri:3, instance:com.adminarea.testcase.LoginPageTestCases@783a467b] output={null}]]]>
              </value>
            </param>
            <param index="1">
              <value>
                <![CDATA[public void com.adminarea.testcase.LoginPageTestCases.user_enter_email()]]>
              </value>
            </param>
          </params>
          <reporter-output>
          </reporter-output>
        </test-method> <!-- afterMethod -->
        <test-method is-config="true" signature="setUpReport(java.lang.reflect.Method)[pri:0, instance:com.adminarea.testcase.LoginPageTestCases@783a467b]" started-at="2023-04-23T23:27:44 IST" name="setUpReport" finished-at="2023-04-23T23:27:44 IST" duration-ms="1" status="PASS">
          <params>
            <param index="0">
              <value>
                <![CDATA[public void com.adminarea.testcase.LoginPageTestCases.user_enter_password()]]>
              </value>
            </param>
          </params>
          <reporter-output>
          </reporter-output>
        </test-method> <!-- setUpReport -->
        <test-method signature="user_enter_password()[pri:4, instance:com.adminarea.testcase.LoginPageTestCases@783a467b]" started-at="2023-04-23T23:27:44 IST" name="user_enter_password" finished-at="2023-04-23T23:27:44 IST" duration-ms="271" status="PASS">
          <reporter-output>
          </reporter-output>
        </test-method> <!-- user_enter_password -->
        <test-method is-config="true" signature="afterMethod(org.testng.ITestResult,java.lang.reflect.Method)[pri:0, instance:com.adminarea.testcase.LoginPageTestCases@783a467b]" started-at="2023-04-23T23:27:44 IST" name="afterMethod" finished-at="2023-04-23T23:27:44 IST" duration-ms="1" status="PASS">
          <params>
            <param index="0">
              <value>
                <![CDATA[[TestResult name=user_enter_password status=SUCCESS method=LoginPageTestCases.user_enter_password()[pri:4, instance:com.adminarea.testcase.LoginPageTestCases@783a467b] output={null}]]]>
              </value>
            </param>
            <param index="1">
              <value>
                <![CDATA[public void com.adminarea.testcase.LoginPageTestCases.user_enter_password()]]>
              </value>
            </param>
          </params>
          <reporter-output>
          </reporter-output>
        </test-method> <!-- afterMethod -->
        <test-method signature="user_clickon_loginbutton()[pri:5, instance:com.adminarea.testcase.LoginPageTestCases@783a467b]" started-at="2023-04-23T23:27:44 IST" name="user_clickon_loginbutton" finished-at="2023-04-23T23:28:00 IST" duration-ms="16574" status="PASS">
          <reporter-output>
          </reporter-output>
        </test-method> <!-- user_clickon_loginbutton -->
        <test-method is-config="true" signature="setUpReport(java.lang.reflect.Method)[pri:0, instance:com.adminarea.testcase.LoginPageTestCases@783a467b]" started-at="2023-04-23T23:27:44 IST" name="setUpReport" finished-at="2023-04-23T23:27:44 IST" duration-ms="0" status="PASS">
          <params>
            <param index="0">
              <value>
                <![CDATA[public void com.adminarea.testcase.LoginPageTestCases.user_clickon_loginbutton()]]>
              </value>
            </param>
          </params>
          <reporter-output>
          </reporter-output>
        </test-method> <!-- setUpReport -->
        <test-method is-config="true" signature="afterMethod(org.testng.ITestResult,java.lang.reflect.Method)[pri:0, instance:com.adminarea.testcase.LoginPageTestCases@783a467b]" started-at="2023-04-23T23:28:00 IST" name="afterMethod" finished-at="2023-04-23T23:28:00 IST" duration-ms="1" status="PASS">
          <params>
            <param index="0">
              <value>
                <![CDATA[[TestResult name=user_clickon_loginbutton status=SUCCESS method=LoginPageTestCases.user_clickon_loginbutton()[pri:5, instance:com.adminarea.testcase.LoginPageTestCases@783a467b] output={null}]]]>
              </value>
            </param>
            <param index="1">
              <value>
                <![CDATA[public void com.adminarea.testcase.LoginPageTestCases.user_clickon_loginbutton()]]>
              </value>
            </param>
          </params>
          <reporter-output>
          </reporter-output>
        </test-method> <!-- afterMethod -->
        <test-method is-config="true" signature="setUpReport(java.lang.reflect.Method)[pri:0, instance:com.adminarea.testcase.LoginPageTestCases@783a467b]" started-at="2023-04-23T23:28:00 IST" name="setUpReport" finished-at="2023-04-23T23:28:00 IST" duration-ms="1" status="PASS">
          <params>
            <param index="0">
              <value>
                <![CDATA[public void com.adminarea.testcase.LoginPageTestCases.user_validate_dashboardpage()]]>
              </value>
            </param>
          </params>
          <reporter-output>
          </reporter-output>
        </test-method> <!-- setUpReport -->
        <test-method signature="user_validate_dashboardpage()[pri:6, instance:com.adminarea.testcase.LoginPageTestCases@783a467b]" started-at="2023-04-23T23:28:00 IST" name="user_validate_dashboardpage" finished-at="2023-04-23T23:28:00 IST" duration-ms="36" status="PASS">
          <reporter-output>
          </reporter-output>
        </test-method> <!-- user_validate_dashboardpage -->
        <test-method is-config="true" signature="afterMethod(org.testng.ITestResult,java.lang.reflect.Method)[pri:0, instance:com.adminarea.testcase.LoginPageTestCases@783a467b]" started-at="2023-04-23T23:28:00 IST" name="afterMethod" finished-at="2023-04-23T23:28:00 IST" duration-ms="2" status="PASS">
          <params>
            <param index="0">
              <value>
                <![CDATA[[TestResult name=user_validate_dashboardpage status=SUCCESS method=LoginPageTestCases.user_validate_dashboardpage()[pri:6, instance:com.adminarea.testcase.LoginPageTestCases@783a467b] output={null}]]]>
              </value>
            </param>
            <param index="1">
              <value>
                <![CDATA[public void com.adminarea.testcase.LoginPageTestCases.user_validate_dashboardpage()]]>
              </value>
            </param>
          </params>
          <reporter-output>
          </reporter-output>
        </test-method> <!-- afterMethod -->
        <test-method is-config="true" signature="setUpFlushed()[pri:0, instance:com.adminarea.testcase.LoginPageTestCases@783a467b]" started-at="2023-04-23T23:28:00 IST" name="setUpFlushed" finished-at="2023-04-23T23:28:02 IST" duration-ms="1327" status="PASS">
          <reporter-output>
          </reporter-output>
        </test-method> <!-- setUpFlushed -->
      </class> <!-- com.adminarea.testcase.LoginPageTestCases -->
    </test> <!-- Default test -->
  </suite> <!-- Default suite -->
</testng-results>
