<?xml version="1.0" encoding="UTF-8"?>
<testng-results ignored="0" total="2" passed="2" failed="0" skipped="0">
  <reporter-output>
  </reporter-output>
  <suite started-at="2023-04-16T14:04:58 IST" name="Default suite" finished-at="2023-04-16T14:05:04 IST" duration-ms="6206">
    <groups>
    </groups>
    <test started-at="2023-04-16T14:04:58 IST" name="Default test" finished-at="2023-04-16T14:05:04 IST" duration-ms="6206">
      <class name="com.Mahakaal.NewTestcase.LoginPageTestCases">
        <test-method signature="openBrow()[pri:1, instance:com.Mahakaal.NewTestcase.LoginPageTestCases@7c24b813]" started-at="2023-04-16T14:04:58 IST" name="openBrow" finished-at="2023-04-16T14:05:02 IST" duration-ms="3844" status="PASS">
          <reporter-output>
          </reporter-output>
        </test-method> <!-- openBrow -->
        <test-method signature="user_open_url()[pri:2, instance:com.Mahakaal.NewTestcase.LoginPageTestCases@7c24b813]" started-at="2023-04-16T14:05:02 IST" name="user_open_url" finished-at="2023-04-16T14:05:04 IST" duration-ms="2261" status="PASS">
          <reporter-output>
          </reporter-output>
        </test-method> <!-- user_open_url -->
      </class> <!-- com.Mahakaal.NewTestcase.LoginPageTestCases -->
    </test> <!-- Default test -->
  </suite> <!-- Default suite -->
</testng-results>
