<?xml version="1.0" encoding="UTF-8"?>
<testng-results ignored="0" total="6" passed="6" failed="0" skipped="0">
  <reporter-output>
  </reporter-output>
  <suite started-at="2023-04-18T21:46:22 IST" name="Default suite" finished-at="2023-04-18T21:46:34 IST" duration-ms="12289">
    <groups>
    </groups>
    <test started-at="2023-04-18T21:46:22 IST" name="Default test" finished-at="2023-04-18T21:46:34 IST" duration-ms="12289">
      <class name="com.adminarea.testcase.LoginPageTestCases">
        <test-method signature="openBrow()[pri:1, instance:com.adminarea.testcase.LoginPageTestCases@58d75e99]" started-at="2023-04-18T21:46:22 IST" name="openBrow" finished-at="2023-04-18T21:46:26 IST" duration-ms="4179" status="PASS">
          <reporter-output>
          </reporter-output>
        </test-method> <!-- openBrow -->
        <test-method signature="user_open_url()[pri:2, instance:com.adminarea.testcase.LoginPageTestCases@58d75e99]" started-at="2023-04-18T21:46:26 IST" name="user_open_url" finished-at="2023-04-18T21:46:28 IST" duration-ms="2537" status="PASS">
          <reporter-output>
          </reporter-output>
        </test-method> <!-- user_open_url -->
        <test-method signature="user_enter_email()[pri:3, instance:com.adminarea.testcase.LoginPageTestCases@58d75e99]" started-at="2023-04-18T21:46:28 IST" name="user_enter_email" finished-at="2023-04-18T21:46:29 IST" duration-ms="473" status="PASS">
          <reporter-output>
          </reporter-output>
        </test-method> <!-- user_enter_email -->
        <test-method signature="user_enter_password()[pri:4, instance:com.adminarea.testcase.LoginPageTestCases@58d75e99]" started-at="2023-04-18T21:46:29 IST" name="user_enter_password" finished-at="2023-04-18T21:46:29 IST" duration-ms="381" status="PASS">
          <reporter-output>
          </reporter-output>
        </test-method> <!-- user_enter_password -->
        <test-method signature="user_clickon_loginbutton()[pri:5, instance:com.adminarea.testcase.LoginPageTestCases@58d75e99]" started-at="2023-04-18T21:46:29 IST" name="user_clickon_loginbutton" finished-at="2023-04-18T21:46:34 IST" duration-ms="4556" status="PASS">
          <reporter-output>
          </reporter-output>
        </test-method> <!-- user_clickon_loginbutton -->
        <test-method signature="user_validate_dashboardpage()[pri:6, instance:com.adminarea.testcase.LoginPageTestCases@58d75e99]" started-at="2023-04-18T21:46:34 IST" name="user_validate_dashboardpage" finished-at="2023-04-18T21:46:34 IST" duration-ms="50" status="PASS">
          <reporter-output>
          </reporter-output>
        </test-method> <!-- user_validate_dashboardpage -->
      </class> <!-- com.adminarea.testcase.LoginPageTestCases -->
    </test> <!-- Default test -->
  </suite> <!-- Default suite -->
</testng-results>
